#
# A fatal error has been detected by the Java Runtime Environment:
#
#  EXCEPTION_ACCESS_VIOLATION (0xc0000005) at pc=0x000000005d4d0af0, pid=1776, tid=10512
#
# JRE version: Java(TM) SE Runtime Environment (7.0_79-b15) (build 1.7.0_79-b15)
# Java VM: Java HotSpot(TM) 64-Bit Server VM (24.79-b02 mixed mode windows-amd64 compressed oops)
# Problematic frame:
# V  [jvm.dll+0x40af0]
#
# Failed to write core dump. Minidumps are not enabled by default on client versions of Windows
#
# If you would like to submit a bug report, please visit:
#   http://bugreport.java.com/bugreport/crash.jsp
#

---------------  T H R E A D  ---------------

Current thread (0x000000000240d800):  GCTaskThread [stack: 0x0000000005f80000,0x0000000006080000] [id=10512]

siginfo: ExceptionCode=0xc0000005, reading address 0x00000004221449b8

Registers:
RAX=0x0000000006080000, RBX=0x0000000788697338, RCX=0x0000000788697338, RDX=0x00000004221449b0
RSP=0x000000000607f788, RBP=0x000000000a74faf0, RSI=0x00000007a0a97ea8, RDI=0x0000000788697338
R8 =0x000000000005e4b9, R9 =0x000000000a74faf0, R10=0x000000000000027b, R11=0x0000000788697348
R12=0x00000007a0a980f0, R13=0x0000000000804a00, R14=0x000000079ea858e0, R15=0x0000000002c900d4
RIP=0x000000005d4d0af0, EFLAGS=0x0000000000010202

Top of Stack: (sp=0x000000000607f788)
0x000000000607f788:   000000005d5633fb 0000000788697348
0x000000000607f798:   000000000a74faf0 00000007a0a97ea4
0x000000000607f7a8:   0000000000000002 0000000788697338
0x000000000607f7b8:   000000005d5a6e0a 0000000000000002
0x000000000607f7c8:   000000005d5804eb 000000077caa4c30
0x000000000607f7d8:   000000005d82a6f9 000000079ea858e0
0x000000000607f7e8:   000000005d667cb2 0000000000000000
0x000000000607f7f8:   000000000240e050 0000000002405e40
0x000000000607f808:   00000007886983c8 0000000000000002
0x000000000607f818:   000000005d82b3c8 000000000a74faf0
0x000000000607f828:   0000b22000000179 000000005da580c0
0x000000000607f838:   0000f01100000002 0000b22000000179
0x000000000607f848:   0000000000000002 000000079ea858e0
0x000000000607f858:   0000000000804800 000000000b0dd888
0x000000000607f868:   0000002000000002 000000000240d800
0x000000000607f878:   0000000002405e40 000000000240e060 

Instructions: (pc=0x000000005d4d0af0)
0x000000005d4d0ad0:   0d 44 0f b7 c0 48 83 c1 40 e8 a2 73 51 00 48 83
0x000000005d4d0ae0:   c4 28 c3 cc cc cc cc cc cc cc cc cc cc cc cc cc
0x000000005d4d0af0:   44 8b 42 08 4c 8b ca 45 85 c0 7e 0e 41 f6 c0 01
0x000000005d4d0b00:   75 57 41 c1 f8 03 41 8b c0 c3 79 4d 80 3d b5 65 


Register to memory mapping:

RAX=0x0000000006080000 is an unknown value
RBX=
[error occurred during error reporting (printing register info), id 0xc0000005]

Stack: [0x0000000005f80000,0x0000000006080000],  sp=0x000000000607f788,  free space=1021k
Native frames: (J=compiled Java code, j=interpreted, Vv=VM code, C=native code)
V  [jvm.dll+0x40af0]


---------------  P R O C E S S  ---------------

Java Threads: ( => current thread )
  0x000000000c1cd800 JavaThread "Monitor Ctrl-Break" daemon [_thread_in_native, id=304, stack(0x000000000c560000,0x000000000c660000)]
  0x000000000a7e2800 JavaThread "Service Thread" daemon [_thread_blocked, id=6356, stack(0x000000000bf40000,0x000000000c040000)]
  0x000000000a7d8800 JavaThread "C2 CompilerThread1" daemon [_thread_blocked, id=1116, stack(0x000000000be40000,0x000000000bf40000)]
  0x000000000a7d5000 JavaThread "C2 CompilerThread0" daemon [_thread_blocked, id=9828, stack(0x000000000bd40000,0x000000000be40000)]
  0x000000000a7d4000 JavaThread "Attach Listener" daemon [_thread_blocked, id=9308, stack(0x000000000bc40000,0x000000000bd40000)]
  0x000000000a7d1000 JavaThread "Signal Dispatcher" daemon [_thread_blocked, id=8892, stack(0x000000000bb40000,0x000000000bc40000)]
  0x000000000a79a000 JavaThread "Finalizer" daemon [_thread_blocked, id=8528, stack(0x000000000ba40000,0x000000000bb40000)]
  0x000000000a796800 JavaThread "Reference Handler" daemon [_thread_blocked, id=520, stack(0x000000000b940000,0x000000000ba40000)]
  0x000000000216e800 JavaThread "iart.main" [_thread_blocked, id=9316, stack(0x00000000022f0000,0x00000000023f0000)]

Other Threads:
  0x000000000a792800 VMThread [stack: 0x000000000b840000,0x000000000b940000] [id=5936]
  0x000000000a7fd000 WatcherThread [stack: 0x000000000c040000,0x000000000c140000] [id=2556]

=>0x000000000240d800 (exited) GCTaskThread [stack: 0x0000000005f80000,0x0000000006080000] [id=10512]

VM state:at safepoint (normal execution)

VM Mutex/Monitor currently owned by a thread:  ([mutex/lock_event])
[0x000000000216db80] Threads_lock - owner thread: 0x000000000a792800
[0x000000000216d080] Heap_lock - owner thread: 0x000000000216e800

Heap
 PSYoungGen      total 663552K, used 3520K [0x00000007d5e80000, 0x00000007ffd00000, 0x0000000800000000)
  eden space 640000K, 0% used [0x00000007d5e80000,0x00000007d5e80000,0x00000007fcf80000)
  from space 23552K, 14% used [0x00000007fe600000,0x00000007fe970000,0x00000007ffd00000)
  to   space 23040K, 0% used [0x00000007fcf80000,0x00000007fcf80000,0x00000007fe600000)
 ParOldGen       total 795136K, used 785791K [0x0000000781c00000, 0x00000007b2480000, 0x00000007d5e80000)
  object space 795136K, 98% used [0x0000000781c00000,0x00000007b1b5fc40,0x00000007b2480000)
 PSPermGen       total 21504K, used 3039K [0x000000077ca00000, 0x000000077df00000, 0x0000000781c00000)
  object space 21504K, 14% used [0x000000077ca00000,0x000000077ccf7e00,0x000000077df00000)

Card table byte_map: [0x00000000055b0000,0x00000000059d0000] byte_map_base: 0x00000000019cb000

Polling page: 0x0000000000400000

Code Cache  [0x00000000024f0000, 0x0000000002760000, 0x00000000054f0000)
 total_blobs=234 nmethods=44 adapters=143 free_code_cache=48512Kb largest_free_block=49644800

Compilation events (10 events):
Event: 0.345 Thread 0x000000000a7d8800 nmethod 40 0x000000000255d1d0 code [0x000000000255d300, 0x000000000255d398]
Event: 0.345 Thread 0x000000000a7d8800   41             java.util.ArrayList$Itr::<init> (26 bytes)
Event: 0.345 Thread 0x000000000a7d8800 nmethod 41 0x000000000255cf50 code [0x000000000255d080, 0x000000000255d118]
Event: 0.694 Thread 0x000000000a7d5000 nmethod 31 0x00000000025732d0 code [0x0000000002573b40, 0x000000000257aaf0]
Event: 2.117 Thread 0x000000000a7d8800   42 %           iart.DepthFirstSearch::dfs @ 29 (220 bytes)
Event: 2.236 Thread 0x000000000a7d8800 nmethod 42% 0x000000000256bc10 code [0x000000000256bfc0, 0x000000000256f468]
Event: 2.236 Thread 0x000000000a7d5000   43             iart.DepthFirstSearch::dfs (220 bytes)
Event: 2.256 Thread 0x000000000a7d8800   44             iart.Hopeless::removePoint (268 bytes)
Event: 2.334 Thread 0x000000000a7d8800 nmethod 44 0x0000000002588350 code [0x0000000002588740, 0x000000000258b808]
Event: 2.390 Thread 0x000000000a7d5000 nmethod 43 0x000000000258f4d0 code [0x000000000258f880, 0x00000000025926b8]

GC Heap History (10 events):
Event: 3310.901 GC heap after
Heap after GC invocations=129 (full 5):
 PSYoungGen      total 659456K, used 4160K [0x00000007d5e80000, 0x00000007ffd00000, 0x0000000800000000)
  eden space 631808K, 0% used [0x00000007d5e80000,0x00000007d5e80000,0x00000007fc780000)
  from space 27648K, 15% used [0x00000007fe200000,0x00000007fe610000,0x00000007ffd00000)
  to   space 27136K, 0% used [0x00000007fc780000,0x00000007fc780000,0x00000007fe200000)
 ParOldGen       total 795136K, used 769359K [0x0000000781c00000, 0x00000007b2480000, 0x00000007d5e80000)
  object space 795136K, 96% used [0x0000000781c00000,0x00000007b0b53c40,0x00000007b2480000)
 PSPermGen       total 21504K, used 3039K [0x000000077ca00000, 0x000000077df00000, 0x0000000781c00000)
  object space 21504K, 14% used [0x000000077ca00000,0x000000077ccf7e00,0x000000077df00000)
}
Event: 3311.744 GC heap before
{Heap before GC invocations=130 (full 5):
 PSYoungGen      total 659456K, used 635968K [0x00000007d5e80000, 0x00000007ffd00000, 0x0000000800000000)
  eden space 631808K, 100% used [0x00000007d5e80000,0x00000007fc780000,0x00000007fc780000)
  from space 27648K, 15% used [0x00000007fe200000,0x00000007fe610000,0x00000007ffd00000)
  to   space 27136K, 0% used [0x00000007fc780000,0x00000007fc780000,0x00000007fe200000)
 ParOldGen       total 795136K, used 769359K [0x0000000781c00000, 0x00000007b2480000, 0x00000007d5e80000)
  object space 795136K, 96% used [0x0000000781c00000,0x00000007b0b53c40,0x00000007b2480000)
 PSPermGen       total 21504K, used 3039K [0x000000077ca00000, 0x000000077df00000, 0x0000000781c00000)
  object space 21504K, 14% used [0x000000077ca00000,0x000000077ccf7e00,0x000000077df00000)
Event: 3311.941 GC heap after
Heap after GC invocations=130 (full 5):
 PSYoungGen      total 658944K, used 4352K [0x00000007d5e80000, 0x00000007ffd80000, 0x0000000800000000)
  eden space 631808K, 0% used [0x00000007d5e80000,0x00000007d5e80000,0x00000007fc780000)
  from space 27136K, 16% used [0x00000007fc780000,0x00000007fcbc0000,0x00000007fe200000)
  to   space 26112K, 0% used [0x00000007fe400000,0x00000007fe400000,0x00000007ffd80000)
 ParOldGen       total 795136K, used 773495K [0x0000000781c00000, 0x00000007b2480000, 0x00000007d5e80000)
  object space 795136K, 97% used [0x0000000781c00000,0x00000007b0f5dc40,0x00000007b2480000)
 PSPermGen       total 21504K, used 3039K [0x000000077ca00000, 0x000000077df00000, 0x0000000781c00000)
  object space 21504K, 14% used [0x000000077ca00000,0x000000077ccf7e00,0x000000077df00000)
}
Event: 3312.694 GC heap before
{Heap before GC invocations=131 (full 5):
 PSYoungGen      total 658944K, used 636160K [0x00000007d5e80000, 0x00000007ffd80000, 0x0000000800000000)
  eden space 631808K, 100% used [0x00000007d5e80000,0x00000007fc780000,0x00000007fc780000)
  from space 27136K, 16% used [0x00000007fc780000,0x00000007fcbc0000,0x00000007fe200000)
  to   space 26112K, 0% used [0x00000007fe400000,0x00000007fe400000,0x00000007ffd80000)
 ParOldGen       total 795136K, used 773495K [0x0000000781c00000, 0x00000007b2480000, 0x00000007d5e80000)
  object space 795136K, 97% used [0x0000000781c00000,0x00000007b0f5dc40,0x00000007b2480000)
 PSPermGen       total 21504K, used 3039K [0x000000077ca00000, 0x000000077df00000, 0x0000000781c00000)
  object space 21504K, 14% used [0x000000077ca00000,0x000000077ccf7e00,0x000000077df00000)
Event: 3312.886 GC heap after
Heap after GC invocations=131 (full 5):
 PSYoungGen      total 661504K, used 4704K [0x00000007d5e80000, 0x00000007ffd00000, 0x0000000800000000)
  eden space 635904K, 0% used [0x00000007d5e80000,0x00000007d5e80000,0x00000007fcb80000)
  from space 25600K, 18% used [0x00000007fe400000,0x00000007fe898000,0x00000007ffd00000)
  to   space 25088K, 0% used [0x00000007fcb80000,0x00000007fcb80000,0x00000007fe400000)
 ParOldGen       total 795136K, used 777783K [0x0000000781c00000, 0x00000007b2480000, 0x00000007d5e80000)
  object space 795136K, 97% used [0x0000000781c00000,0x00000007b138dc40,0x00000007b2480000)
 PSPermGen       total 21504K, used 3039K [0x000000077ca00000, 0x000000077df00000, 0x0000000781c00000)
  object space 21504K, 14% used [0x000000077ca00000,0x000000077ccf7e00,0x000000077df00000)
}
Event: 3313.681 GC heap before
{Heap before GC invocations=132 (full 5):
 PSYoungGen      total 661504K, used 640608K [0x00000007d5e80000, 0x00000007ffd00000, 0x0000000800000000)
  eden space 635904K, 100% used [0x00000007d5e80000,0x00000007fcb80000,0x00000007fcb80000)
  from space 25600K, 18% used [0x00000007fe400000,0x00000007fe898000,0x00000007ffd00000)
  to   space 25088K, 0% used [0x00000007fcb80000,0x00000007fcb80000,0x00000007fe400000)
 ParOldGen       total 795136K, used 777783K [0x0000000781c00000, 0x00000007b2480000, 0x00000007d5e80000)
  object space 795136K, 97% used [0x0000000781c00000,0x00000007b138dc40,0x00000007b2480000)
 PSPermGen       total 21504K, used 3039K [0x000000077ca00000, 0x000000077df00000, 0x0000000781c00000)
  object space 21504K, 14% used [0x000000077ca00000,0x000000077ccf7e00,0x000000077df00000)
Event: 3313.863 GC heap after
Heap after GC invocations=132 (full 5):
 PSYoungGen      total 660992K, used 3360K [0x00000007d5e80000, 0x00000007ffd80000, 0x0000000800000000)
  eden space 635904K, 0% used [0x00000007d5e80000,0x00000007d5e80000,0x00000007fcb80000)
  from space 25088K, 13% used [0x00000007fcb80000,0x00000007fcec8000,0x00000007fe400000)
  to   space 24064K, 0% used [0x00000007fe600000,0x00000007fe600000,0x00000007ffd80000)
 ParOldGen       total 795136K, used 782463K [0x0000000781c00000, 0x00000007b2480000, 0x00000007d5e80000)
  object space 795136K, 98% used [0x0000000781c00000,0x00000007b181fc40,0x00000007b2480000)
 PSPermGen       total 21504K, used 3039K [0x000000077ca00000, 0x000000077df00000, 0x0000000781c00000)
  object space 21504K, 14% used [0x000000077ca00000,0x000000077ccf7e00,0x000000077df00000)
}
Event: 3314.698 GC heap before
{Heap before GC invocations=133 (full 5):
 PSYoungGen      total 660992K, used 639264K [0x00000007d5e80000, 0x00000007ffd80000, 0x0000000800000000)
  eden space 635904K, 100% used [0x00000007d5e80000,0x00000007fcb80000,0x00000007fcb80000)
  from space 25088K, 13% used [0x00000007fcb80000,0x00000007fcec8000,0x00000007fe400000)
  to   space 24064K, 0% used [0x00000007fe600000,0x00000007fe600000,0x00000007ffd80000)
 ParOldGen       total 795136K, used 782463K [0x0000000781c00000, 0x00000007b2480000, 0x00000007d5e80000)
  object space 795136K, 98% used [0x0000000781c00000,0x00000007b181fc40,0x00000007b2480000)
 PSPermGen       total 21504K, used 3039K [0x000000077ca00000, 0x000000077df00000, 0x0000000781c00000)
  object space 21504K, 14% used [0x000000077ca00000,0x000000077ccf7e00,0x000000077df00000)
Event: 3314.863 GC heap after
Heap after GC invocations=133 (full 5):
 PSYoungGen      total 663552K, used 3520K [0x00000007d5e80000, 0x00000007ffd00000, 0x0000000800000000)
  eden space 640000K, 0% used [0x00000007d5e80000,0x00000007d5e80000,0x00000007fcf80000)
  from space 23552K, 14% used [0x00000007fe600000,0x00000007fe970000,0x00000007ffd00000)
  to   space 23040K, 0% used [0x00000007fcf80000,0x00000007fcf80000,0x00000007fe600000)
 ParOldGen       total 795136K, used 785791K [0x0000000781c00000, 0x00000007b2480000, 0x00000007d5e80000)
  object space 795136K, 98% used [0x0000000781c00000,0x00000007b1b5fc40,0x00000007b2480000)
 PSPermGen       total 21504K, used 3039K [0x000000077ca00000, 0x000000077df00000, 0x0000000781c00000)
  object space 21504K, 14% used [0x000000077ca00000,0x000000077ccf7e00,0x000000077df00000)
}
Event: 3314.863 GC heap before
{Heap before GC invocations=134 (full 6):
 PSYoungGen      total 663552K, used 3520K [0x00000007d5e80000, 0x00000007ffd00000, 0x0000000800000000)
  eden space 640000K, 0% used [0x00000007d5e80000,0x00000007d5e80000,0x00000007fcf80000)
  from space 23552K, 14% used [0x00000007fe600000,0x00000007fe970000,0x00000007ffd00000)
  to   space 23040K, 0% used [0x00000007fcf80000,0x00000007fcf80000,0x00000007fe600000)
 ParOldGen       total 795136K, used 785791K [0x0000000781c00000, 0x00000007b2480000, 0x00000007d5e80000)
  object space 795136K, 98% used [0x0000000781c00000,0x00000007b1b5fc40,0x00000007b2480000)
 PSPermGen       total 21504K, used 3039K [0x000000077ca00000, 0x000000077df00000, 0x0000000781c00000)
  object space 21504K, 14% used [0x000000077ca00000,0x000000077ccf7e00,0x000000077df00000)

Deoptimization events (2 events):
Event: 2.112 Thread 0x000000000216e800 Uncommon trap: reason=unreached action=reinterpret pc=0x0000000002579668 method=iart.Hopeless.removePoint(LPoint;I)I @ 113
Event: 2.240 Thread 0x000000000216e800 Uncommon trap: reason=unreached action=reinterpret pc=0x0000000002566884 method=iart.Hopeless.removePoint(LPoint;I)I @ 113

Internal exceptions (7 events):
Event: 0.059 Thread 0x000000000216e800 Threw 0x00000007d5e8b468 at C:\re\jdk7u79\2331\hotspot\src\share\vm\prims\jni.cpp:3991
Event: 0.093 Thread 0x000000000216e800 Threw 0x00000007d5ed8d18 at C:\re\jdk7u79\2331\hotspot\src\share\vm\prims\jvm.cpp:1304
Event: 0.113 Thread 0x000000000216e800 Threw 0x00000007d5f06410 at C:\re\jdk7u79\2331\hotspot\src\share\vm\prims\jvm.cpp:1304
Event: 0.114 Thread 0x000000000216e800 Threw 0x00000007d5f0b4a8 at C:\re\jdk7u79\2331\hotspot\src\share\vm\prims\jvm.cpp:1304
Event: 0.117 Thread 0x000000000216e800 Threw 0x00000007d5f117f0 at C:\re\jdk7u79\2331\hotspot\src\share\vm\prims\jvm.cpp:1304
Event: 0.118 Thread 0x000000000216e800 Threw 0x00000007d5f17158 at C:\re\jdk7u79\2331\hotspot\src\share\vm\prims\jvm.cpp:1304
Event: 0.119 Thread 0x000000000216e800 Threw 0x00000007d5f19f90 at C:\re\jdk7u79\2331\hotspot\src\share\vm\prims\jvm.cpp:1304

Events (10 events):
Event: 3309.936 Executing VM operation: ParallelGCFailedAllocation done
Event: 3310.706 Executing VM operation: ParallelGCFailedAllocation
Event: 3310.901 Executing VM operation: ParallelGCFailedAllocation done
Event: 3311.743 Executing VM operation: ParallelGCFailedAllocation
Event: 3311.941 Executing VM operation: ParallelGCFailedAllocation done
Event: 3312.694 Executing VM operation: ParallelGCFailedAllocation
Event: 3312.887 Executing VM operation: ParallelGCFailedAllocation done
Event: 3313.681 Executing VM operation: ParallelGCFailedAllocation
Event: 3313.863 Executing VM operation: ParallelGCFailedAllocation done
Event: 3314.698 Executing VM operation: ParallelGCFailedAllocation


Dynamic libraries:
0x00007ff7ecf90000 - 0x00007ff7ecfc3000 	C:\Program Files\Java\jdk1.7.0_79\bin\java.exe
0x00007ffff1410000 - 0x00007ffff15d1000 	C:\WINDOWS\SYSTEM32\ntdll.dll
0x00007fffef850000 - 0x00007fffef8fd000 	C:\WINDOWS\system32\KERNEL32.DLL
0x00007fffede50000 - 0x00007fffee038000 	C:\WINDOWS\system32\KERNELBASE.dll
0x00007fffeefe0000 - 0x00007fffef087000 	C:\WINDOWS\system32\ADVAPI32.dll
0x00007fffef090000 - 0x00007fffef12d000 	C:\WINDOWS\system32\msvcrt.dll
0x00007ffff1350000 - 0x00007ffff13ab000 	C:\WINDOWS\system32\sechost.dll
0x00007fffeeec0000 - 0x00007fffeefdc000 	C:\WINDOWS\system32\RPCRT4.dll
0x00007fffefb20000 - 0x00007fffefc76000 	C:\WINDOWS\system32\USER32.dll
0x00007fffef970000 - 0x00007fffefaf6000 	C:\WINDOWS\system32\GDI32.dll
0x00007fffdfa00000 - 0x00007fffdfc74000 	C:\WINDOWS\WinSxS\amd64_microsoft.windows.common-controls_6595b64144ccf1df_6.0.10586.0_none_8c15ae12515e1c22\COMCTL32.dll
0x00007fffeeab0000 - 0x00007fffeed2d000 	C:\WINDOWS\system32\combase.dll
0x00007fffee740000 - 0x00007fffee7aa000 	C:\WINDOWS\system32\bcryptPrimitives.dll
0x00007fffeed30000 - 0x00007fffeed6b000 	C:\WINDOWS\system32\IMM32.DLL
0x000000005e1a0000 - 0x000000005e272000 	C:\Program Files\Java\jdk1.7.0_79\jre\bin\msvcr100.dll
0x000000005d490000 - 0x000000005dc65000 	C:\Program Files\Java\jdk1.7.0_79\jre\bin\server\jvm.dll
0x00007fffeeaa0000 - 0x00007fffeeaa8000 	C:\WINDOWS\system32\PSAPI.DLL
0x00007fffebec0000 - 0x00007fffebec9000 	C:\WINDOWS\SYSTEM32\WSOCK32.dll
0x00007fffef130000 - 0x00007fffef19b000 	C:\WINDOWS\system32\WS2_32.dll
0x00007fffebde0000 - 0x00007fffebe03000 	C:\WINDOWS\SYSTEM32\WINMM.dll
0x00007fffebdb0000 - 0x00007fffebddc000 	C:\WINDOWS\SYSTEM32\WINMMBASE.dll
0x00007fffedac0000 - 0x00007fffedb03000 	C:\WINDOWS\system32\cfgmgr32.dll
0x000000005e190000 - 0x000000005e19f000 	C:\Program Files\Java\jdk1.7.0_79\jre\bin\verify.dll
0x000000005e160000 - 0x000000005e188000 	C:\Program Files\Java\jdk1.7.0_79\jre\bin\java.dll
0x000000005e140000 - 0x000000005e155000 	C:\Program Files\Java\jdk1.7.0_79\jre\bin\zip.dll
0x00007fffea050000 - 0x00007fffea060000 	C:\Program Files (x86)\JetBrains\IntelliJ IDEA Community Edition 15.0.3\bin\breakgen64.dll
0x000000005e120000 - 0x000000005e13a000 	C:\Program Files\Java\jdk1.7.0_79\jre\bin\net.dll
0x00007fffed300000 - 0x00007fffed35c000 	C:\WINDOWS\system32\mswsock.dll
0x00007fffc82e0000 - 0x00007fffc846c000 	C:\WINDOWS\SYSTEM32\dbghelp.dll

VM Arguments:
jvm_args: -Didea.launcher.port=7542 -Didea.launcher.bin.path=C:\Program Files (x86)\JetBrains\IntelliJ IDEA Community Edition 15.0.3\bin -Dfile.encoding=UTF-8 
java_command: com.intellij.rt.execution.application.AppMain iart.main
Launcher Type: SUN_STANDARD

Environment Variables:
JAVA_HOME=C:\Program Files\Java\jre1.8.0_25
PATH=
[error occurred during error reporting (printing environment variables), id 0xc0000005]



---------------  S Y S T E M  ---------------

OS: Windows 8.1 , 64 bit Build 9600 

CPU:total 4 (2 cores per cpu, 2 threads per core) family 6 model 69 stepping 1, cmov, cx8, fxsr, mmx, sse, sse2, sse3, ssse3, sse4.1, sse4.2, popcnt, avx, avx2, aes, erms, ht, tsc, tscinvbit

Memory: 4k page, physical 8269024k(2269048k free), swap 10759392k(2653800k free)

vm_info: Java HotSpot(TM) 64-Bit Server VM (24.79-b02) for windows-amd64 JRE (1.7.0_79-b15), built on Apr 10 2015 12:36:16 by "java_re" with unknown MS VC++:1600

time: Wed Mar 02 19:16:02 2016
elapsed time: 3315 seconds

